\BOOKMARK [0][-]{section*.2}{\376\377\004\037\004\065\004\100\004\065\004\073\004\126\004\072\000\040\004\103\004\074\004\076\004\062\004\075\004\070\004\105\000\040\004\077\004\076\004\067\004\075\004\060\004\107\004\065\004\075\004\075\004\114}{}% 1
\BOOKMARK [0][-]{chapter.1}{\376\377\004\042\004\065\004\076\004\100\004\065\004\102\004\070\004\107\004\075\004\126\000\040\004\076\004\101\004\075\004\076\004\062\004\070\000\040\004\073\004\060\004\077\004\060\004\100\004\076\004\101\004\072\004\076\004\077\004\126\004\107\004\075\004\076\004\127\000\040\004\105\004\126\004\100\004\103\004\100\004\063\004\126\004\127\000\040\004\077\004\065\004\107\004\126\004\075\004\072\004\070}{}% 2
\BOOKMARK [1][-]{section.1.1}{\376\377\004\006\004\101\004\102\004\076\004\100\004\126\004\117\000\040\004\100\004\076\004\067\004\062\004\070\004\102\004\072\004\103\000\040\004\074\004\065\004\102\004\076\004\064\004\070\004\072\004\070}{chapter.1}% 3
\BOOKMARK [2][-]{subsection.1.1.1}{\376\377\004\037\004\065\004\100\004\110\004\070\004\071\000\040\004\064\004\076\004\101\004\062\004\126\004\064}{section.1.1}% 4
\BOOKMARK [2][-]{subsection.1.1.2}{\376\377\004\037\004\076\004\063\004\076\004\064\004\066\004\103\004\062\004\060\004\073\004\114\004\075\004\126\000\040\004\072\004\076\004\075\004\104\004\065\004\100\004\065\004\075\004\106\004\126\004\127}{section.1.1}% 5
\BOOKMARK [1][-]{section.1.2}{\376\377\004\041\004\103\004\107\004\060\004\101\004\075\004\126\000\040\004\074\004\076\004\066\004\073\004\070\004\062\004\076\004\101\004\102\004\126}{chapter.1}% 6
\BOOKMARK [2][-]{subsection.1.2.1}{\376\377\004\020\004\075\004\060\004\102\004\076\004\074\004\126\004\107\004\075\004\126\000\040\004\100\004\065\004\067\004\065\004\072\004\106\004\126\004\127\000\040\004\077\004\065\004\107\004\126\004\075\004\072\004\070}{section.1.2}% 7
\BOOKMARK [2][-]{subsection.1.2.2}{\376\377\004\032\004\076\004\074\004\077\004\073\004\065\004\072\004\101\004\075\004\126\000\040\004\100\004\065\004\067\004\065\004\072\004\106\004\126\004\127}{section.1.2}% 8
\BOOKMARK [2][-]{subsection.1.2.3}{\376\377\004\042\004\065\004\105\004\075\004\076\004\073\004\076\004\063\004\126\004\117\000\040\000A\000L\000P\000P\000S}{section.1.2}% 9
\BOOKMARK [2][-]{subsection.1.2.4}{\376\377\004\033\004\060\004\077\004\060\004\100\004\076\004\101\004\072\004\076\004\077\004\126\004\107\004\075\004\060\000\040\004\064\004\076\004\075\004\076\004\100\004\101\004\114\004\072\004\060\000\040\004\100\004\065\004\067\004\065\004\072\004\106\004\126\004\117\000\040\004\077\004\065\004\107\004\126\004\075\004\072\004\070}{section.1.2}% 10
\BOOKMARK [1][-]{section.1.3}{\376\377\004\037\004\076\004\072\004\060\004\067\004\070\000\040\004\064\004\076\000\040\004\062\004\070\004\072\004\076\004\075\004\060\004\075\004\075\004\117\000\040\004\073\004\060\004\077\004\060\004\100\004\076\004\101\004\072\004\076\004\077\004\126\004\107\004\075\004\070\004\105\000\040\004\100\004\065\004\067\004\065\004\072\004\106\004\126\004\071\000\040\004\077\004\065\004\107\004\126\004\075\004\072\004\070}{chapter.1}% 11
\BOOKMARK [2][-]{subsection.1.3.1}{\376\377\004\023\004\065\004\077\004\060\004\102\004\076\004\106\004\065\004\073\004\073\004\116\004\073\004\060\004\100\004\075\004\060\000\040\004\072\004\060\004\100\004\106\004\070\004\075\004\076\004\074\004\060}{section.1.3}% 12
\BOOKMARK [2][-]{subsection.1.3.2}{\376\377\004\040\004\060\004\072\000\040\004\061\004\126\004\073\004\126\004\060\004\100\004\075\004\076\004\063\004\076\000\040\004\102\004\100\004\060\004\072\004\102\004\103}{section.1.3}% 13
\BOOKMARK [2][-]{subsection.1.3.3}{\376\377\004\034\004\065\004\102\004\060\004\101\004\102\004\060\004\102\004\070\004\107\004\075\004\126\000\040\004\103\004\100\004\060\004\066\004\065\004\075\004\075\004\117\000\040\004\077\004\065\004\107\004\126\004\075\004\072\004\070}{section.1.3}% 14
\BOOKMARK [2][-]{subsection.1.3.4}{\376\377\004\024\004\076\004\061\004\100\004\076\004\117\004\072\004\126\004\101\004\075\004\060\000\040\004\077\004\060\004\102\004\076\004\073\004\076\004\063\004\126\004\117\000\040\004\077\004\065\004\107\004\126\004\075\004\072\004\070}{section.1.3}% 15
\BOOKMARK [1][-]{section.1.4}{\376\377\004\033\004\060\004\077\004\060\004\100\004\076\004\101\004\072\004\076\004\077\004\126\004\107\004\075\004\070\004\071\000\040\004\077\004\076\004\063\004\073\004\117\004\064\000\040\004\075\004\060\000\040\004\105\004\126\004\100\004\103\004\100\004\063\004\126\004\107\004\075\004\103\000\040\004\060\004\075\004\060\004\102\004\076\004\074\004\126\004\116\000\040\004\077\004\065\004\107\004\126\004\075\004\072\004\070}{chapter.1}% 16
\BOOKMARK [2][-]{subsection.1.4.1}{\376\377\004\041\004\103\004\107\004\060\004\101\004\075\004\060\000\040\004\075\004\076\004\074\004\065\004\075\004\072\004\073\004\060\004\102\004\103\004\100\004\060\000\040\004\105\004\126\004\100\004\103\004\100\004\063\004\126\004\107\004\075\004\076\004\127\000\040\004\060\004\075\004\060\004\102\004\076\004\074\004\126\004\127\000\040\004\077\004\065\004\107\004\126\004\075\004\072\004\070}{section.1.4}% 17
\BOOKMARK [2][-]{subsection.1.4.2}{\376\377\004\033\004\060\004\077\004\060\004\100\004\076\004\101\004\072\004\076\004\077\004\126\004\107\004\075\004\060\000\040\004\062\004\126\004\067\004\103\004\060\004\073\004\126\004\067\004\060\004\106\004\126\004\117\000\040\004\067\004\076\004\062\004\075\004\126\004\110\004\075\004\126\004\105\000\040\004\076\004\100\004\126\004\124\004\075\004\102\004\070\004\100\004\126\004\062}{section.1.4}% 18
\BOOKMARK [2][-]{subsection.1.4.3}{\376\377\004\032\004\060\004\077\004\101\004\103\004\073\004\060\000\040\004\033\004\060\004\065\004\075\004\065\004\072\004\060\000\040\004\102\004\060\000\040\004\072\004\076\004\075\004\106\004\065\004\077\004\106\004\126\004\117\000\040\000\253\004\062\004\105\004\126\004\064\004\075\004\070\004\105\000\040\004\062\004\076\004\100\004\126\004\102\000\273\000\040\004\064\004\073\004\117\000\040\004\063\004\073\004\126\004\101\004\076\004\075\004\076\004\062\004\076\004\063\004\076\000\040\004\077\004\126\004\064\004\105\004\076\004\064\004\103}{section.1.4}% 19
\BOOKMARK [2][-]{subsection.1.4.4}{\376\377\004\020\004\075\004\060\004\102\004\076\004\074\004\126\004\107\004\075\004\060\000\040\004\061\004\103\004\064\004\076\004\062\004\060\000\040\000S\000g\000\040\000I\000\040\004\077\004\065\004\107\004\126\004\075\004\072\004\070}{section.1.4}% 20
\BOOKMARK [1][-]{section.1.5}{\376\377\004\006\004\074\004\077\004\073\004\065\004\074\004\065\004\075\004\102\004\060\004\106\004\126\004\117\000\040\004\074\004\065\004\102\004\076\004\064\004\103\000\040\004\073\004\060\004\077\004\060\004\100\004\076\004\101\004\072\004\076\004\077\004\126\004\107\004\075\004\076\004\127\000\040\004\100\004\065\004\067\004\065\004\072\004\106\004\126\004\127\000\040\004\077\004\065\004\107\004\126\004\075\004\072\004\070\000\040\004\062\000\040\004\077\004\100\004\060\004\072\004\102\004\070\004\072\004\103}{chapter.1}% 21
\BOOKMARK [2][-]{subsection.1.5.1}{\376\377\004\036\004\106\004\126\004\075\004\072\004\060\000\040\004\101\004\072\004\073\004\060\004\064\004\075\004\076\004\101\004\102\004\126\000\040\004\073\004\060\004\077\004\060\004\100\004\076\004\101\004\072\004\076\004\077\004\126\004\107\004\075\004\070\004\105\000\040\004\100\004\065\004\067\004\065\004\072\004\106\004\126\004\071\000\040\004\077\004\065\004\107\004\126\004\075\004\072\004\070}{section.1.5}% 22
\BOOKMARK [2][-]{subsection.1.5.2}{\376\377\004\025\004\102\004\060\004\077\004\070\000\040\004\062\004\077\004\100\004\076\004\062\004\060\004\064\004\066\004\065\004\075\004\075\004\117\000\040\004\073\004\060\004\077\004\060\004\100\004\076\004\101\004\072\004\076\004\077\004\126\004\107\004\075\004\070\004\105\000\040\004\100\004\065\004\067\004\065\004\072\004\106\004\126\004\071\000\040\004\077\004\065\004\107\004\126\004\075\004\072\004\070}{section.1.5}% 23
\BOOKMARK [0][-]{chapter.2}{\376\377\004\037\004\100\004\060\004\072\004\102\004\070\004\107\004\075\004\126\000\040\004\060\004\101\004\077\004\065\004\072\004\102\004\070\000\040\004\073\004\060\004\077\004\060\004\100\004\076\004\101\004\072\004\076\004\077\004\126\004\107\004\075\004\070\004\105\000\040\004\100\004\065\004\067\004\065\004\072\004\106\004\126\004\071\000\040\004\077\004\065\004\107\004\126\004\075\004\072\004\070}{}% 24
\BOOKMARK [1][-]{section.2.1}{\376\377\004\036\004\061\004\101\004\102\004\065\004\066\004\065\004\075\004\075\004\117\000\040\004\102\004\060\000\040\004\077\004\065\004\100\004\065\004\064\004\076\004\077\004\065\004\100\004\060\004\106\004\126\004\071\004\075\004\060\000\040\004\077\004\126\004\064\004\063\004\076\004\102\004\076\004\062\004\072\004\060\000\040\004\077\004\060\004\106\004\126\004\124\004\075\004\102\004\126\004\062}{chapter.2}% 25
\BOOKMARK [2][-]{subsection.2.1.1}{\376\377\004\037\004\065\004\100\004\065\004\064\004\076\004\077\004\065\004\100\004\060\004\106\004\126\004\071\004\075\004\065\000\040\004\076\004\061\004\101\004\102\004\065\004\066\004\065\004\075\004\075\004\117}{section.2.1}% 26
\BOOKMARK [2][-]{subsection.2.1.2}{\376\377\004\022\004\126\004\064\004\076\004\074\004\126\000\040\004\077\004\100\004\076\004\102\004\070\004\077\004\076\004\072\004\060\004\067\004\070}{section.2.1}% 27
\BOOKMARK [2][-]{subsection.2.1.3}{\376\377\004\021\004\065\004\067\004\077\004\076\004\101\004\065\004\100\004\065\004\064\004\075\004\117\000\040\004\077\004\126\004\064\004\063\004\076\004\102\004\076\004\062\004\072\004\060\000\040\004\064\004\076\000\040\004\062\004\102\004\100\004\103\004\107\004\060\004\075\004\075\004\117}{section.2.1}% 28
\BOOKMARK [1][-]{section.2.2}{\376\377\004\042\004\065\004\105\004\075\004\126\004\107\004\075\004\065\000\040\004\067\004\060\004\061\004\065\004\067\004\077\004\065\004\107\004\065\004\075\004\075\004\117\000\040\004\073\004\060\004\077\004\060\004\100\004\076\004\101\004\072\004\076\004\077\004\126\004\107\004\075\004\070\004\105\000\040\004\100\004\065\004\067\004\065\004\072\004\106\004\126\004\071\000\040\004\077\004\065\004\107\004\126\004\075\004\072\004\070}{chapter.2}% 29
\BOOKMARK [2][-]{subsection.2.2.1}{\376\377\004\022\004\070\004\074\004\076\004\063\004\070\000\040\004\064\004\076\000\040\004\073\004\060\004\077\004\060\004\100\004\076\004\101\004\072\004\076\004\077\004\126\004\107\004\075\004\076\004\127\000\040\004\101\004\102\004\126\004\071\004\072\004\070}{section.2.2}% 30
\BOOKMARK [2][-]{subsection.2.2.2}{\376\377\004\006\004\075\004\101\004\102\004\100\004\103\004\074\004\065\004\075\004\102\004\070\000\040\004\064\004\076\004\101\004\102\004\103\004\077\004\103\000\040\004\102\004\060\000\040\004\062\004\070\004\064\004\060\004\073\004\065\004\075\004\075\004\117\000\040\004\077\004\100\004\065\004\077\004\060\004\100\004\060\004\102\004\103}{section.2.2}% 31
\BOOKMARK [2][-]{subsection.2.2.3}{\376\377\004\021\004\060\004\067\004\076\004\062\004\126\000\040\004\126\004\075\004\101\004\102\004\100\004\103\004\074\004\065\004\075\004\102\004\070}{section.2.2}% 32
\BOOKMARK [2][-]{subsection.2.2.4}{\376\377\004\027\004\110\004\070\004\062\004\060\004\116\004\107\004\126\000\040\004\060\004\077\004\077\004\060\004\100\004\060\004\102\004\070}{section.2.2}% 33
\BOOKMARK [2][-]{subsection.2.2.5}{\376\377\004\045\004\126\004\100\004\103\004\100\004\063\004\126\004\107\004\075\004\126\000\040\004\065\004\075\004\065\004\100\004\063\004\126\004\127}{section.2.2}% 34
\BOOKMARK [2][-]{subsection.2.2.6}{\376\377\004\041\004\077\004\065\004\106\004\126\004\060\004\073\004\126\004\067\004\076\004\062\004\060\004\075\004\065\000\040\004\076\004\061\004\073\004\060\004\064\004\075\004\060\004\075\004\075\004\117}{section.2.2}% 35
\BOOKMARK [1][-]{section.2.3}{\376\377\004\025\004\102\004\060\004\077\004\070\000\040\004\073\004\060\004\077\004\060\004\100\004\076\004\101\004\072\004\076\004\077\004\126\004\107\004\075\004\076\004\127\000\040\004\100\004\065\004\067\004\065\004\072\004\106\004\126\004\127\000\040\004\077\004\065\004\107\004\126\004\075\004\072\004\070}{chapter.2}% 36
\BOOKMARK [2][-]{subsection.2.3.1}{\376\377\004\043\004\072\004\073\004\060\004\064\004\072\004\060\000\040\004\077\004\060\004\106\004\126\004\124\004\075\004\102\004\060}{section.2.3}% 37
\BOOKMARK [2][-]{subsection.2.3.2}{\376\377\004\024\004\076\004\101\004\102\004\103\004\077\000\040\004\102\004\060\000\040\004\100\004\076\004\067\004\101\004\102\004\060\004\075\004\076\004\062\004\072\004\060\000\040\004\102\004\100\004\076\004\060\004\072\004\060\004\100\004\126\004\062}{section.2.3}% 38
\BOOKMARK [2][-]{subsection.2.3.3}{\376\377\004\034\004\076\004\061\004\126\004\073\004\126\004\067\004\060\004\106\004\126\004\117\000\040\004\077\004\065\004\107\004\126\004\075\004\072\004\070}{section.2.3}% 39
\BOOKMARK [2][-]{subsection.2.3.4}{\376\377\004\037\004\100\004\070\004\071\004\076\004\074\000\040\004\037\004\100\004\126\004\075\004\063\004\073\004\060}{section.2.3}% 40
\BOOKMARK [2][-]{subsection.2.3.5}{\376\377\004\036\004\061\004\100\004\076\004\061\004\072\004\060\000\040\004\077\004\076\004\100\004\102\004\060\004\073\004\114\004\075\004\070\004\105\000\040\004\101\004\102\004\100\004\103\004\072\004\102\004\103\004\100}{section.2.3}% 41
\BOOKMARK [2][-]{subsection.2.3.6}{\376\377\004\042\004\100\004\060\004\075\004\101\004\101\004\065\004\072\004\106\004\126\004\117\000\040\004\077\004\060\004\100\004\065\004\075\004\105\004\126\004\074\004\070}{section.2.3}% 42
\BOOKMARK [2][-]{subsection.2.3.7}{\376\377\004\025\004\062\004\060\004\072\004\103\004\060\004\106\004\126\004\117\000\040\004\077\004\100\004\065\004\077\004\060\004\100\004\060\004\102\004\060}{section.2.3}% 43
\BOOKMARK [1][-]{section.2.4}{\376\377\004\022\004\126\004\064\004\105\004\070\004\073\004\065\004\075\004\075\004\117\000\040\004\062\004\126\004\064\000\040\004\075\004\076\004\100\004\074\004\060\004\073\004\114\004\075\004\076\004\063\004\076\000\040\004\105\004\076\004\064\004\103\000\040\004\076\004\077\004\065\004\100\004\060\004\106\004\126\004\127\000\040\004\102\004\060\000\040\004\101\004\077\004\076\004\101\004\076\004\061\004\070\000\040\004\127\004\105\000\040\004\072\004\076\004\100\004\100\004\065\004\072\004\106\004\126\004\127}{chapter.2}% 44
\BOOKMARK [2][-]{subsection.2.4.1}{\376\377\004\006\004\075\004\102\004\100\004\060\004\076\004\077\004\065\004\100\004\060\004\106\004\126\004\071\004\075\004\126\000\040\004\103\004\101\004\072\004\073\004\060\004\064\004\075\004\065\004\075\004\075\004\117\000\040\004\102\004\060\000\040\004\102\004\065\004\105\004\075\004\126\004\107\004\075\004\126\000\040\004\101\004\073\004\060\004\064\004\075\004\076\004\111\004\126}{section.2.4}% 45
\BOOKMARK [2][-]{subsection.2.4.2}{\376\377\004\032\004\076\004\075\004\062\004\065\004\100\004\101\004\126\004\117\000\040\004\075\004\060\000\040\004\062\004\126\004\064\004\072\004\100\004\070\004\102\004\065\000\040\004\062\004\102\004\100\004\103\004\107\004\060\004\075\004\075\004\117}{section.2.4}% 46
\BOOKMARK [0][-]{chapter.3}{\376\377\004\042\004\065\004\105\004\075\004\126\004\072\004\060\000\040\004\076\004\072\004\100\004\065\004\074\004\070\004\105\000\040\004\062\004\070\004\064\004\126\004\062\000\040\004\073\004\060\004\077\004\060\004\100\004\076\004\101\004\072\004\076\004\077\004\126\004\107\004\075\004\070\004\105\000\040\004\100\004\065\004\067\004\065\004\072\004\106\004\126\004\071\000\040\004\077\004\065\004\107\004\126\004\075\004\072\004\070}{}% 47
\BOOKMARK [1][-]{section.3.1}{\376\377\004\041\004\103\004\061\004\101\004\065\004\063\004\074\004\065\004\075\004\102\004\060\004\100\004\075\004\060\000\040\004\065\004\075\004\103\004\072\004\073\004\065\004\076\004\100\004\065\004\067\004\065\004\072\004\106\004\126\004\117\000\040\004\077\004\065\004\107\004\126\004\075\004\072\004\070}{chapter.3}% 48
\BOOKMARK [2][-]{subsection.3.1.1}{\376\377\004\022\004\070\004\067\004\075\004\060\004\107\004\065\004\075\004\075\004\117\000\040\004\102\004\060\000\040\004\067\004\060\004\063\004\060\004\073\004\114\004\075\004\060\000\040\004\105\004\060\004\100\004\060\004\072\004\102\004\065\004\100\004\070\004\101\004\102\004\070\004\072\004\060}{section.3.1}% 49
\BOOKMARK [2][-]{subsection.3.1.2}{\376\377\004\037\004\076\004\072\004\060\004\067\004\070\000\040\004\102\004\060\000\040\004\077\004\100\004\076\004\102\004\070\004\077\004\076\004\072\004\060\004\067\004\070}{section.3.1}% 50
\BOOKMARK [2][-]{subsection.3.1.3}{\376\377\004\037\004\065\004\100\004\065\004\064\004\076\004\077\004\065\004\100\004\060\004\106\004\126\004\071\004\075\004\060\000\040\004\077\004\126\004\064\004\063\004\076\004\102\004\076\004\062\004\072\004\060}{section.3.1}% 51
\BOOKMARK [2][-]{subsection.3.1.4}{\376\377\004\042\004\065\004\105\004\075\004\126\004\107\004\075\004\065\000\040\004\067\004\060\004\061\004\065\004\067\004\077\004\065\004\107\004\065\004\075\004\075\004\117\000\040\004\076\004\077\004\065\004\100\004\060\004\106\004\126\004\127}{section.3.1}% 52
\BOOKMARK [2][-]{subsection.3.1.5}{\376\377\004\036\004\077\004\065\004\100\004\060\004\102\004\070\004\062\004\075\004\060\000\040\004\102\004\065\004\105\004\075\004\126\004\072\004\060}{section.3.1}% 53
\BOOKMARK [2][-]{subsection.3.1.6}{\376\377\004\006\004\075\004\102\004\100\004\060\004\076\004\077\004\065\004\100\004\060\004\106\004\126\004\071\004\075\004\126\000\040\004\103\004\101\004\072\004\073\004\060\004\064\004\075\004\065\004\075\004\075\004\117\000\040\004\102\004\060\000\040\004\127\004\105\000\040\004\072\004\076\004\100\004\065\004\072\004\106\004\126\004\117}{section.3.1}% 54
\BOOKMARK [2][-]{subsection.3.1.7}{\376\377\004\037\004\126\004\101\004\073\004\117\004\076\004\077\004\065\004\100\004\060\004\106\004\126\004\071\004\075\004\065\000\040\004\062\004\065\004\064\004\065\004\075\004\075\004\117\000\040\004\077\004\060\004\106\004\126\004\124\004\075\004\102\004\060}{section.3.1}% 55
\BOOKMARK [2][-]{subsection.3.1.8}{\376\377\004\032\004\073\004\126\004\075\004\126\004\107\004\075\004\070\004\071\000\040\004\062\004\070\004\077\004\060\004\064\004\076\004\072}{section.3.1}% 56
\BOOKMARK [2][-]{subsection.3.1.9}{\376\377\004\022\004\070\004\101\004\075\004\076\004\062\004\072\004\070}{section.3.1}% 57
\BOOKMARK [1][-]{section.3.2}{\376\377\004\020\004\075\004\060\004\102\004\076\004\074\004\126\004\107\004\075\004\060\000\040\004\100\004\065\004\067\004\065\004\072\004\106\004\126\004\117\000\040\000S\000g\000\040\0002}{chapter.3}% 58
\BOOKMARK [2][-]{subsection.3.2.1}{\376\377\004\022\004\070\004\067\004\075\004\060\004\107\004\065\004\075\004\075\004\117\000\040\004\102\004\060\000\040\004\067\004\060\004\063\004\060\004\073\004\114\004\075\004\060\000\040\004\105\004\060\004\100\004\060\004\072\004\102\004\065\004\100\004\070\004\101\004\102\004\070\004\072\004\060}{section.3.2}% 59
\BOOKMARK [2][-]{subsection.3.2.2}{\376\377\004\037\004\076\004\072\004\060\004\067\004\070\000\040\004\102\004\060\000\040\004\077\004\100\004\076\004\102\004\070\004\077\004\076\004\072\004\060\004\067\004\070}{section.3.2}% 60
\BOOKMARK [2][-]{subsection.3.2.3}{\376\377\004\037\004\065\004\100\004\065\004\064\004\076\004\077\004\065\004\100\004\060\004\106\004\126\004\071\004\075\004\060\000\040\004\077\004\126\004\064\004\063\004\076\004\102\004\076\004\062\004\072\004\060}{section.3.2}% 61
\BOOKMARK [2][-]{subsection.3.2.4}{\376\377\004\042\004\065\004\105\004\075\004\126\004\107\004\075\004\065\000\040\004\067\004\060\004\061\004\065\004\067\004\077\004\065\004\107\004\065\004\075\004\075\004\117\000\040\004\076\004\077\004\065\004\100\004\060\004\106\004\126\004\127}{section.3.2}% 62
\BOOKMARK [2][-]{subsection.3.2.5}{\376\377\004\036\004\077\004\065\004\100\004\060\004\102\004\070\004\062\004\075\004\060\000\040\004\102\004\065\004\105\004\075\004\126\004\072\004\060}{section.3.2}% 63
\BOOKMARK [2][-]{subsection.3.2.6}{\376\377\004\006\004\075\004\102\004\100\004\060\004\076\004\077\004\065\004\100\004\060\004\106\004\126\004\071\004\075\004\126\000\040\004\103\004\101\004\072\004\073\004\060\004\064\004\075\004\065\004\075\004\075\004\117\000\040\004\102\004\060\000\040\004\127\004\105\000\040\004\072\004\076\004\100\004\065\004\072\004\106\004\126\004\117}{section.3.2}% 64
\BOOKMARK [2][-]{subsection.3.2.7}{\376\377\004\037\004\126\004\101\004\073\004\117\004\076\004\077\004\065\004\100\004\060\004\106\004\126\004\071\004\075\004\065\000\040\004\062\004\065\004\064\004\065\004\075\004\075\004\117\000\040\004\077\004\060\004\106\004\126\004\124\004\075\004\102\004\060}{section.3.2}% 65
\BOOKMARK [2][-]{subsection.3.2.8}{\376\377\004\032\004\073\004\126\004\075\004\126\004\107\004\075\004\070\004\071\000\040\004\062\004\070\004\077\004\060\004\064\004\076\004\072}{section.3.2}% 66
\BOOKMARK [2][-]{subsection.3.2.9}{\376\377\004\022\004\070\004\101\004\075\004\076\004\062\004\072\004\070}{section.3.2}% 67
\BOOKMARK [1][-]{section.3.3}{\376\377\004\020\004\075\004\060\004\102\004\076\004\074\004\126\004\107\004\075\004\060\000\040\004\100\004\065\004\067\004\065\004\072\004\106\004\126\004\117\000\040\000S\000g\000\040\0003}{chapter.3}% 68
\BOOKMARK [2][-]{subsection.3.3.1}{\376\377\004\022\004\070\004\067\004\075\004\060\004\107\004\065\004\075\004\075\004\117\000\040\004\102\004\060\000\040\004\067\004\060\004\063\004\060\004\073\004\114\004\075\004\060\000\040\004\105\004\060\004\100\004\060\004\072\004\102\004\065\004\100\004\070\004\101\004\102\004\070\004\072\004\060}{section.3.3}% 69
\BOOKMARK [2][-]{subsection.3.3.2}{\376\377\004\037\004\076\004\072\004\060\004\067\004\070\000\040\004\102\004\060\000\040\004\077\004\100\004\076\004\102\004\070\004\077\004\076\004\072\004\060\004\067\004\070}{section.3.3}% 70
\BOOKMARK [2][-]{subsection.3.3.3}{\376\377\004\037\004\065\004\100\004\065\004\064\004\076\004\077\004\065\004\100\004\060\004\106\004\126\004\071\004\075\004\060\000\040\004\077\004\126\004\064\004\063\004\076\004\102\004\076\004\062\004\072\004\060}{section.3.3}% 71
\BOOKMARK [2][-]{subsection.3.3.4}{\376\377\004\042\004\065\004\105\004\075\004\126\004\107\004\075\004\065\000\040\004\067\004\060\004\061\004\065\004\067\004\077\004\065\004\107\004\065\004\075\004\075\004\117\000\040\004\076\004\077\004\065\004\100\004\060\004\106\004\126\004\127}{section.3.3}% 72
\BOOKMARK [2][-]{subsection.3.3.5}{\376\377\004\036\004\077\004\065\004\100\004\060\004\102\004\070\004\062\004\075\004\060\000\040\004\102\004\065\004\105\004\075\004\126\004\072\004\060}{section.3.3}% 73
\BOOKMARK [2][-]{subsection.3.3.6}{\376\377\004\006\004\075\004\102\004\100\004\060\004\076\004\077\004\065\004\100\004\060\004\106\004\126\004\071\004\075\004\126\000\040\004\103\004\101\004\072\004\073\004\060\004\064\004\075\004\065\004\075\004\075\004\117\000\040\004\102\004\060\000\040\004\127\004\105\000\040\004\072\004\076\004\100\004\065\004\072\004\106\004\126\004\117}{section.3.3}% 74
\BOOKMARK [2][-]{subsection.3.3.7}{\376\377\004\037\004\126\004\101\004\073\004\117\004\076\004\077\004\065\004\100\004\060\004\106\004\126\004\071\004\075\004\065\000\040\004\062\004\065\004\064\004\065\004\075\004\075\004\117\000\040\004\077\004\060\004\106\004\126\004\124\004\075\004\102\004\060}{section.3.3}% 75
\BOOKMARK [2][-]{subsection.3.3.8}{\376\377\004\032\004\073\004\126\004\075\004\126\004\107\004\075\004\070\004\071\000\040\004\062\004\070\004\077\004\060\004\064\004\076\004\072}{section.3.3}% 76
\BOOKMARK [2][-]{subsection.3.3.9}{\376\377\004\022\004\070\004\101\004\075\004\076\004\062\004\072\004\070}{section.3.3}% 77
\BOOKMARK [1][-]{section.3.4}{\376\377\004\033\004\126\004\062\004\076\004\061\004\126\004\107\004\075\004\060\000\040\004\073\004\060\004\102\004\065\004\100\004\060\004\073\004\114\004\075\004\060\000\040\004\101\004\065\004\072\004\106\004\126\004\124\004\065\004\072\004\102\004\076\004\074\004\126\004\117}{chapter.3}% 78
\BOOKMARK [2][-]{subsection.3.4.1}{\376\377\004\022\004\070\004\067\004\075\004\060\004\107\004\065\004\075\004\075\004\117\000\040\004\102\004\060\000\040\004\067\004\060\004\063\004\060\004\073\004\114\004\075\004\060\000\040\004\105\004\060\004\100\004\060\004\072\004\102\004\065\004\100\004\070\004\101\004\102\004\070\004\072\004\060}{section.3.4}% 79
\BOOKMARK [2][-]{subsection.3.4.2}{\376\377\004\037\004\076\004\072\004\060\004\067\004\070\000\040\004\102\004\060\000\040\004\077\004\100\004\076\004\102\004\070\004\077\004\076\004\072\004\060\004\067\004\070}{section.3.4}% 80
\BOOKMARK [2][-]{subsection.3.4.3}{\376\377\004\037\004\065\004\100\004\065\004\064\004\076\004\077\004\065\004\100\004\060\004\106\004\126\004\071\004\075\004\060\000\040\004\077\004\126\004\064\004\063\004\076\004\102\004\076\004\062\004\072\004\060}{section.3.4}% 81
\BOOKMARK [2][-]{subsection.3.4.4}{\376\377\004\042\004\065\004\105\004\075\004\126\004\107\004\075\004\065\000\040\004\067\004\060\004\061\004\065\004\067\004\077\004\065\004\107\004\065\004\075\004\075\004\117\000\040\004\076\004\077\004\065\004\100\004\060\004\106\004\126\004\127}{section.3.4}% 82
\BOOKMARK [2][-]{subsection.3.4.5}{\376\377\004\036\004\077\004\065\004\100\004\060\004\102\004\070\004\062\004\075\004\060\000\040\004\102\004\065\004\105\004\075\004\126\004\072\004\060}{section.3.4}% 83
\BOOKMARK [2][-]{subsection.3.4.6}{\376\377\004\006\004\075\004\102\004\100\004\060\004\076\004\077\004\065\004\100\004\060\004\106\004\126\004\071\004\075\004\126\000\040\004\103\004\101\004\072\004\073\004\060\004\064\004\075\004\065\004\075\004\075\004\117\000\040\004\102\004\060\000\040\004\127\004\105\000\040\004\072\004\076\004\100\004\065\004\072\004\106\004\126\004\117}{section.3.4}% 84
\BOOKMARK [2][-]{subsection.3.4.7}{\376\377\004\037\004\126\004\101\004\073\004\117\004\076\004\077\004\065\004\100\004\060\004\106\004\126\004\071\004\075\004\065\000\040\004\062\004\065\004\064\004\065\004\075\004\075\004\117\000\040\004\077\004\060\004\106\004\126\004\124\004\075\004\102\004\060}{section.3.4}% 85
\BOOKMARK [2][-]{subsection.3.4.8}{\376\377\004\032\004\073\004\126\004\075\004\126\004\107\004\075\004\070\004\071\000\040\004\062\004\070\004\077\004\060\004\064\004\076\004\072}{section.3.4}% 86
\BOOKMARK [2][-]{subsection.3.4.9}{\376\377\004\022\004\070\004\101\004\075\004\076\004\062\004\072\004\070}{section.3.4}% 87
\BOOKMARK [1][-]{section.3.5}{\376\377\004\020\004\075\004\060\004\102\004\076\004\074\004\126\004\107\004\075\004\060\000\040\004\100\004\065\004\067\004\065\004\072\004\106\004\126\004\117\000\040\000S\000g\000\040\0004}{chapter.3}% 88
\BOOKMARK [2][-]{subsection.3.5.1}{\376\377\004\022\004\070\004\067\004\075\004\060\004\107\004\065\004\075\004\075\004\117\000\040\004\102\004\060\000\040\004\067\004\060\004\063\004\060\004\073\004\114\004\075\004\060\000\040\004\105\004\060\004\100\004\060\004\072\004\102\004\065\004\100\004\070\004\101\004\102\004\070\004\072\004\060}{section.3.5}% 89
\BOOKMARK [2][-]{subsection.3.5.2}{\376\377\004\037\004\076\004\072\004\060\004\067\004\070\000\040\004\102\004\060\000\040\004\077\004\100\004\076\004\102\004\070\004\077\004\076\004\072\004\060\004\067\004\070}{section.3.5}% 90
\BOOKMARK [2][-]{subsection.3.5.3}{\376\377\004\037\004\065\004\100\004\065\004\064\004\076\004\077\004\065\004\100\004\060\004\106\004\126\004\071\004\075\004\060\000\040\004\077\004\126\004\064\004\063\004\076\004\102\004\076\004\062\004\072\004\060}{section.3.5}% 91
\BOOKMARK [2][-]{subsection.3.5.4}{\376\377\004\042\004\065\004\105\004\075\004\126\004\107\004\075\004\065\000\040\004\067\004\060\004\061\004\065\004\067\004\077\004\065\004\107\004\065\004\075\004\075\004\117\000\040\004\076\004\077\004\065\004\100\004\060\004\106\004\126\004\127}{section.3.5}% 92
\BOOKMARK [2][-]{subsection.3.5.5}{\376\377\004\036\004\077\004\065\004\100\004\060\004\102\004\070\004\062\004\075\004\060\000\040\004\102\004\065\004\105\004\075\004\126\004\072\004\060}{section.3.5}% 93
\BOOKMARK [2][-]{subsection.3.5.6}{\376\377\004\006\004\075\004\102\004\100\004\060\004\076\004\077\004\065\004\100\004\060\004\106\004\126\004\071\004\075\004\126\000\040\004\103\004\101\004\072\004\073\004\060\004\064\004\075\004\065\004\075\004\075\004\117\000\040\004\102\004\060\000\040\004\127\004\105\000\040\004\072\004\076\004\100\004\065\004\072\004\106\004\126\004\117}{section.3.5}% 94
\BOOKMARK [2][-]{subsection.3.5.7}{\376\377\004\037\004\126\004\101\004\073\004\117\004\076\004\077\004\065\004\100\004\060\004\106\004\126\004\071\004\075\004\065\000\040\004\062\004\065\004\064\004\065\004\075\004\075\004\117\000\040\004\077\004\060\004\106\004\126\004\124\004\075\004\102\004\060}{section.3.5}% 95
\BOOKMARK [2][-]{subsection.3.5.8}{\376\377\004\032\004\073\004\126\004\075\004\126\004\107\004\075\004\070\004\071\000\040\004\062\004\070\004\077\004\060\004\064\004\076\004\072}{section.3.5}% 96
\BOOKMARK [2][-]{subsection.3.5.9}{\376\377\004\022\004\070\004\101\004\075\004\076\004\062\004\072\004\070}{section.3.5}% 97
\BOOKMARK [1][-]{section.3.6}{\376\377\004\033\004\126\004\062\004\076\004\061\004\126\004\107\004\075\004\060\000\040\004\063\004\065\004\074\004\126\004\063\004\065\004\077\004\060\004\102\004\065\004\072\004\102\004\076\004\074\004\126\004\117}{chapter.3}% 98
\BOOKMARK [2][-]{subsection.3.6.1}{\376\377\004\022\004\070\004\067\004\075\004\060\004\107\004\065\004\075\004\075\004\117\000\040\004\102\004\060\000\040\004\067\004\060\004\063\004\060\004\073\004\114\004\075\004\060\000\040\004\105\004\060\004\100\004\060\004\072\004\102\004\065\004\100\004\070\004\101\004\102\004\070\004\072\004\060}{section.3.6}% 99
\BOOKMARK [2][-]{subsection.3.6.2}{\376\377\004\037\004\076\004\072\004\060\004\067\004\070\000\040\004\102\004\060\000\040\004\077\004\100\004\076\004\102\004\070\004\077\004\076\004\072\004\060\004\067\004\070}{section.3.6}% 100
\BOOKMARK [2][-]{subsection.3.6.3}{\376\377\004\037\004\065\004\100\004\065\004\064\004\076\004\077\004\065\004\100\004\060\004\106\004\126\004\071\004\075\004\060\000\040\004\077\004\126\004\064\004\063\004\076\004\102\004\076\004\062\004\072\004\060}{section.3.6}% 101
\BOOKMARK [2][-]{subsection.3.6.4}{\376\377\004\042\004\065\004\105\004\075\004\126\004\107\004\075\004\065\000\040\004\067\004\060\004\061\004\065\004\067\004\077\004\065\004\107\004\065\004\075\004\075\004\117\000\040\004\076\004\077\004\065\004\100\004\060\004\106\004\126\004\127}{section.3.6}% 102
\BOOKMARK [2][-]{subsection.3.6.5}{\376\377\004\036\004\077\004\065\004\100\004\060\004\102\004\070\004\062\004\075\004\060\000\040\004\102\004\065\004\105\004\075\004\126\004\072\004\060}{section.3.6}% 103
\BOOKMARK [2][-]{subsection.3.6.6}{\376\377\004\006\004\075\004\102\004\100\004\060\004\076\004\077\004\065\004\100\004\060\004\106\004\126\004\071\004\075\004\126\000\040\004\103\004\101\004\072\004\073\004\060\004\064\004\075\004\065\004\075\004\075\004\117\000\040\004\102\004\060\000\040\004\127\004\105\000\040\004\072\004\076\004\100\004\065\004\072\004\106\004\126\004\117}{section.3.6}% 104
\BOOKMARK [2][-]{subsection.3.6.7}{\376\377\004\037\004\126\004\101\004\073\004\117\004\076\004\077\004\065\004\100\004\060\004\106\004\126\004\071\004\075\004\065\000\040\004\062\004\065\004\064\004\065\004\075\004\075\004\117\000\040\004\077\004\060\004\106\004\126\004\124\004\075\004\102\004\060}{section.3.6}% 105
\BOOKMARK [2][-]{subsection.3.6.8}{\376\377\004\032\004\073\004\126\004\075\004\126\004\107\004\075\004\070\004\071\000\040\004\062\004\070\004\077\004\060\004\064\004\076\004\072}{section.3.6}% 106
\BOOKMARK [2][-]{subsection.3.6.9}{\376\377\004\022\004\070\004\101\004\075\004\076\004\062\004\072\004\070}{section.3.6}% 107
\BOOKMARK [1][-]{section.3.7}{\376\377\004\020\004\075\004\060\004\102\004\076\004\074\004\126\004\107\004\075\004\060\000\040\004\100\004\065\004\067\004\065\004\072\004\106\004\126\004\117\000\040\000S\000g\000\040\0005}{chapter.3}% 108
\BOOKMARK [2][-]{subsection.3.7.1}{\376\377\004\022\004\070\004\067\004\075\004\060\004\107\004\065\004\075\004\075\004\117\000\040\004\102\004\060\000\040\004\067\004\060\004\063\004\060\004\073\004\114\004\075\004\060\000\040\004\105\004\060\004\100\004\060\004\072\004\102\004\065\004\100\004\070\004\101\004\102\004\070\004\072\004\060}{section.3.7}% 109
\BOOKMARK [2][-]{subsection.3.7.2}{\376\377\004\037\004\076\004\072\004\060\004\067\004\070\000\040\004\102\004\060\000\040\004\077\004\100\004\076\004\102\004\070\004\077\004\076\004\072\004\060\004\067\004\070}{section.3.7}% 110
\BOOKMARK [2][-]{subsection.3.7.3}{\376\377\004\037\004\065\004\100\004\065\004\064\004\076\004\077\004\065\004\100\004\060\004\106\004\126\004\071\004\075\004\060\000\040\004\077\004\126\004\064\004\063\004\076\004\102\004\076\004\062\004\072\004\060}{section.3.7}% 111
\BOOKMARK [2][-]{subsection.3.7.4}{\376\377\004\042\004\065\004\105\004\075\004\126\004\107\004\075\004\065\000\040\004\067\004\060\004\061\004\065\004\067\004\077\004\065\004\107\004\065\004\075\004\075\004\117\000\040\004\076\004\077\004\065\004\100\004\060\004\106\004\126\004\127}{section.3.7}% 112
\BOOKMARK [2][-]{subsection.3.7.5}{\376\377\004\036\004\077\004\065\004\100\004\060\004\102\004\070\004\062\004\075\004\060\000\040\004\102\004\065\004\105\004\075\004\126\004\072\004\060}{section.3.7}% 113
\BOOKMARK [2][-]{subsection.3.7.6}{\376\377\004\006\004\075\004\102\004\100\004\060\004\076\004\077\004\065\004\100\004\060\004\106\004\126\004\071\004\075\004\126\000\040\004\103\004\101\004\072\004\073\004\060\004\064\004\075\004\065\004\075\004\075\004\117\000\040\004\102\004\060\000\040\004\127\004\105\000\040\004\072\004\076\004\100\004\065\004\072\004\106\004\126\004\117}{section.3.7}% 114
\BOOKMARK [2][-]{subsection.3.7.7}{\376\377\004\037\004\126\004\101\004\073\004\117\004\076\004\077\004\065\004\100\004\060\004\106\004\126\004\071\004\075\004\065\000\040\004\062\004\065\004\064\004\065\004\075\004\075\004\117\000\040\004\077\004\060\004\106\004\126\004\124\004\075\004\102\004\060}{section.3.7}% 115
\BOOKMARK [2][-]{subsection.3.7.8}{\376\377\004\032\004\073\004\126\004\075\004\126\004\107\004\075\004\070\004\071\000\040\004\062\004\070\004\077\004\060\004\064\004\076\004\072}{section.3.7}% 116
\BOOKMARK [2][-]{subsection.3.7.9}{\376\377\004\022\004\070\004\101\004\075\004\076\004\062\004\072\004\070}{section.3.7}% 117
\BOOKMARK [1][-]{section.3.8}{\376\377\004\020\004\075\004\060\004\102\004\076\004\074\004\126\004\107\004\075\004\060\000\040\004\100\004\065\004\067\004\065\004\072\004\106\004\126\004\117\000\040\000S\000g\000\040\0006}{chapter.3}% 118
\BOOKMARK [2][-]{subsection.3.8.1}{\376\377\004\022\004\070\004\067\004\075\004\060\004\107\004\065\004\075\004\075\004\117\000\040\004\102\004\060\000\040\004\067\004\060\004\063\004\060\004\073\004\114\004\075\004\060\000\040\004\105\004\060\004\100\004\060\004\072\004\102\004\065\004\100\004\070\004\101\004\102\004\070\004\072\004\060}{section.3.8}% 119
\BOOKMARK [2][-]{subsection.3.8.2}{\376\377\004\037\004\076\004\072\004\060\004\067\004\070\000\040\004\102\004\060\000\040\004\077\004\100\004\076\004\102\004\070\004\077\004\076\004\072\004\060\004\067\004\070}{section.3.8}% 120
\BOOKMARK [2][-]{subsection.3.8.3}{\376\377\004\037\004\065\004\100\004\065\004\064\004\076\004\077\004\065\004\100\004\060\004\106\004\126\004\071\004\075\004\060\000\040\004\077\004\126\004\064\004\063\004\076\004\102\004\076\004\062\004\072\004\060}{section.3.8}% 121
\BOOKMARK [2][-]{subsection.3.8.4}{\376\377\004\042\004\065\004\105\004\075\004\126\004\107\004\075\004\065\000\040\004\067\004\060\004\061\004\065\004\067\004\077\004\065\004\107\004\065\004\075\004\075\004\117\000\040\004\076\004\077\004\065\004\100\004\060\004\106\004\126\004\127}{section.3.8}% 122
\BOOKMARK [2][-]{subsection.3.8.5}{\376\377\004\036\004\077\004\065\004\100\004\060\004\102\004\070\004\062\004\075\004\060\000\040\004\102\004\065\004\105\004\075\004\126\004\072\004\060}{section.3.8}% 123
\BOOKMARK [2][-]{subsection.3.8.6}{\376\377\004\006\004\075\004\102\004\100\004\060\004\076\004\077\004\065\004\100\004\060\004\106\004\126\004\071\004\075\004\126\000\040\004\103\004\101\004\072\004\073\004\060\004\064\004\075\004\065\004\075\004\075\004\117\000\040\004\102\004\060\000\040\004\127\004\105\000\040\004\072\004\076\004\100\004\065\004\072\004\106\004\126\004\117}{section.3.8}% 124
\BOOKMARK [2][-]{subsection.3.8.7}{\376\377\004\037\004\126\004\101\004\073\004\117\004\076\004\077\004\065\004\100\004\060\004\106\004\126\004\071\004\075\004\065\000\040\004\062\004\065\004\064\004\065\004\075\004\075\004\117\000\040\004\077\004\060\004\106\004\126\004\124\004\075\004\102\004\060}{section.3.8}% 125
\BOOKMARK [2][-]{subsection.3.8.8}{\376\377\004\032\004\073\004\126\004\075\004\126\004\107\004\075\004\070\004\071\000\040\004\062\004\070\004\077\004\060\004\064\004\076\004\072}{section.3.8}% 126
\BOOKMARK [2][-]{subsection.3.8.9}{\376\377\004\022\004\070\004\101\004\075\004\076\004\062\004\072\004\070}{section.3.8}% 127
\BOOKMARK [1][-]{section.3.9}{\376\377\004\021\004\126\004\101\004\065\004\063\004\074\004\065\004\075\004\102\004\065\004\072\004\102\004\076\004\074\004\126\004\117\000\040\0005\000-\0006}{chapter.3}% 128
\BOOKMARK [2][-]{subsection.3.9.1}{\376\377\004\022\004\070\004\067\004\075\004\060\004\107\004\065\004\075\004\075\004\117\000\040\004\102\004\060\000\040\004\067\004\060\004\063\004\060\004\073\004\114\004\075\004\060\000\040\004\105\004\060\004\100\004\060\004\072\004\102\004\065\004\100\004\070\004\101\004\102\004\070\004\072\004\060}{section.3.9}% 129
\BOOKMARK [2][-]{subsection.3.9.2}{\376\377\004\037\004\076\004\072\004\060\004\067\004\070\000\040\004\102\004\060\000\040\004\077\004\100\004\076\004\102\004\070\004\077\004\076\004\072\004\060\004\067\004\070}{section.3.9}% 130
\BOOKMARK [2][-]{subsection.3.9.3}{\376\377\004\037\004\065\004\100\004\065\004\064\004\076\004\077\004\065\004\100\004\060\004\106\004\126\004\071\004\075\004\060\000\040\004\077\004\126\004\064\004\063\004\076\004\102\004\076\004\062\004\072\004\060}{section.3.9}% 131
\BOOKMARK [2][-]{subsection.3.9.4}{\376\377\004\042\004\065\004\105\004\075\004\126\004\107\004\075\004\065\000\040\004\067\004\060\004\061\004\065\004\067\004\077\004\065\004\107\004\065\004\075\004\075\004\117\000\040\004\076\004\077\004\065\004\100\004\060\004\106\004\126\004\127}{section.3.9}% 132
\BOOKMARK [2][-]{subsection.3.9.5}{\376\377\004\036\004\077\004\065\004\100\004\060\004\102\004\070\004\062\004\075\004\060\000\040\004\102\004\065\004\105\004\075\004\126\004\072\004\060}{section.3.9}% 133
\BOOKMARK [2][-]{subsection.3.9.6}{\376\377\004\006\004\075\004\102\004\100\004\060\004\076\004\077\004\065\004\100\004\060\004\106\004\126\004\071\004\075\004\126\000\040\004\103\004\101\004\072\004\073\004\060\004\064\004\075\004\065\004\075\004\075\004\117\000\040\004\102\004\060\000\040\004\127\004\105\000\040\004\072\004\076\004\100\004\065\004\072\004\106\004\126\004\117}{section.3.9}% 134
\BOOKMARK [2][-]{subsection.3.9.7}{\376\377\004\037\004\126\004\101\004\073\004\117\004\076\004\077\004\065\004\100\004\060\004\106\004\126\004\071\004\075\004\065\000\040\004\062\004\065\004\064\004\065\004\075\004\075\004\117\000\040\004\077\004\060\004\106\004\126\004\124\004\075\004\102\004\060}{section.3.9}% 135
\BOOKMARK [2][-]{subsection.3.9.8}{\376\377\004\032\004\073\004\126\004\075\004\126\004\107\004\075\004\070\004\071\000\040\004\062\004\070\004\077\004\060\004\064\004\076\004\072}{section.3.9}% 136
\BOOKMARK [2][-]{subsection.3.9.9}{\376\377\004\022\004\070\004\101\004\075\004\076\004\062\004\072\004\070}{section.3.9}% 137
\BOOKMARK [1][-]{section.3.10}{\376\377\004\037\004\100\004\060\004\062\004\076\004\061\004\126\004\107\004\075\004\060\000\040\004\063\004\065\004\074\004\126\004\063\004\065\004\077\004\060\004\102\004\065\004\072\004\102\004\076\004\074\004\126\004\117}{chapter.3}% 138
\BOOKMARK [2][-]{subsection.3.10.1}{\376\377\004\022\004\070\004\067\004\075\004\060\004\107\004\065\004\075\004\075\004\117\000\040\004\102\004\060\000\040\004\067\004\060\004\063\004\060\004\073\004\114\004\075\004\060\000\040\004\105\004\060\004\100\004\060\004\072\004\102\004\065\004\100\004\070\004\101\004\102\004\070\004\072\004\060}{section.3.10}% 139
\BOOKMARK [2][-]{subsection.3.10.2}{\376\377\004\037\004\076\004\072\004\060\004\067\004\070\000\040\004\102\004\060\000\040\004\077\004\100\004\076\004\102\004\070\004\077\004\076\004\072\004\060\004\067\004\070}{section.3.10}% 140
\BOOKMARK [2][-]{subsection.3.10.3}{\376\377\004\037\004\065\004\100\004\065\004\064\004\076\004\077\004\065\004\100\004\060\004\106\004\126\004\071\004\075\004\060\000\040\004\077\004\126\004\064\004\063\004\076\004\102\004\076\004\062\004\072\004\060}{section.3.10}% 141
\BOOKMARK [2][-]{subsection.3.10.4}{\376\377\004\042\004\065\004\105\004\075\004\126\004\107\004\075\004\065\000\040\004\067\004\060\004\061\004\065\004\067\004\077\004\065\004\107\004\065\004\075\004\075\004\117\000\040\004\076\004\077\004\065\004\100\004\060\004\106\004\126\004\127}{section.3.10}% 142
\BOOKMARK [1][-]{section.3.11}{\376\377\004\037\004\100\004\060\004\062\004\076\004\061\004\126\004\107\004\075\004\060\000\040\004\067\004\060\004\064\004\075\004\117\000\040\004\101\004\065\004\072\004\106\004\126\004\124\004\065\004\072\004\102\004\076\004\074\004\126\004\117}{chapter.3}% 143
\BOOKMARK [2][-]{subsection.3.11.1}{\376\377\004\022\004\070\004\067\004\075\004\060\004\107\004\065\004\075\004\075\004\117\000\040\004\102\004\060\000\040\004\067\004\060\004\063\004\060\004\073\004\114\004\075\004\060\000\040\004\105\004\060\004\100\004\060\004\072\004\102\004\065\004\100\004\070\004\101\004\102\004\070\004\072\004\060}{section.3.11}% 144
\BOOKMARK [2][-]{subsection.3.11.2}{\376\377\004\037\004\076\004\072\004\060\004\067\004\070\000\040\004\102\004\060\000\040\004\077\004\100\004\076\004\102\004\070\004\077\004\076\004\072\004\060\004\067\004\070}{section.3.11}% 145
\BOOKMARK [2][-]{subsection.3.11.3}{\376\377\004\037\004\065\004\100\004\065\004\064\004\076\004\077\004\065\004\100\004\060\004\106\004\126\004\071\004\075\004\060\000\040\004\077\004\126\004\064\004\063\004\076\004\102\004\076\004\062\004\072\004\060}{section.3.11}% 146
\BOOKMARK [2][-]{subsection.3.11.4}{\376\377\004\042\004\065\004\105\004\075\004\126\004\107\004\075\004\065\000\040\004\067\004\060\004\061\004\065\004\067\004\077\004\065\004\107\004\065\004\075\004\075\004\117\000\040\004\076\004\077\004\065\004\100\004\060\004\106\004\126\004\127}{section.3.11}% 147
\BOOKMARK [2][-]{subsection.3.11.5}{\376\377\004\036\004\077\004\065\004\100\004\060\004\102\004\070\004\062\004\075\004\060\000\040\004\102\004\065\004\105\004\075\004\126\004\072\004\060}{section.3.11}% 148
\BOOKMARK [2][-]{subsection.3.11.6}{\376\377\004\006\004\075\004\102\004\100\004\060\004\076\004\077\004\065\004\100\004\060\004\106\004\126\004\071\004\075\004\126\000\040\004\103\004\101\004\072\004\073\004\060\004\064\004\075\004\065\004\075\004\075\004\117\000\040\004\102\004\060\000\040\004\127\004\105\000\040\004\072\004\076\004\100\004\065\004\072\004\106\004\126\004\117}{section.3.11}% 149
\BOOKMARK [2][-]{subsection.3.11.7}{\376\377\004\037\004\126\004\101\004\073\004\117\004\076\004\077\004\065\004\100\004\060\004\106\004\126\004\071\004\075\004\065\000\040\004\062\004\065\004\064\004\065\004\075\004\075\004\117\000\040\004\077\004\060\004\106\004\126\004\124\004\075\004\102\004\060}{section.3.11}% 150
\BOOKMARK [2][-]{subsection.3.11.8}{\376\377\004\032\004\073\004\126\004\075\004\126\004\107\004\075\004\070\004\071\000\040\004\062\004\070\004\077\004\060\004\064\004\076\004\072}{section.3.11}% 151
\BOOKMARK [2][-]{subsection.3.11.9}{\376\377\004\022\004\070\004\101\004\075\004\076\004\062\004\072\004\070}{section.3.11}% 152
\BOOKMARK [1][-]{section.3.12}{\376\377\004\020\004\075\004\060\004\102\004\076\004\074\004\126\004\107\004\075\004\060\000\040\004\100\004\065\004\067\004\065\004\072\004\106\004\126\004\117\000\040\000S\000g\000\040\0007}{chapter.3}% 153
\BOOKMARK [2][-]{subsection.3.12.1}{\376\377\004\022\004\070\004\067\004\075\004\060\004\107\004\065\004\075\004\075\004\117\000\040\004\102\004\060\000\040\004\067\004\060\004\063\004\060\004\073\004\114\004\075\004\060\000\040\004\105\004\060\004\100\004\060\004\072\004\102\004\065\004\100\004\070\004\101\004\102\004\070\004\072\004\060}{section.3.12}% 154
\BOOKMARK [2][-]{subsection.3.12.2}{\376\377\004\037\004\076\004\072\004\060\004\067\004\070\000\040\004\102\004\060\000\040\004\077\004\100\004\076\004\102\004\070\004\077\004\076\004\072\004\060\004\067\004\070}{section.3.12}% 155
\BOOKMARK [2][-]{subsection.3.12.3}{\376\377\004\037\004\065\004\100\004\065\004\064\004\076\004\077\004\065\004\100\004\060\004\106\004\126\004\071\004\075\004\060\000\040\004\077\004\126\004\064\004\063\004\076\004\102\004\076\004\062\004\072\004\060}{section.3.12}% 156
\BOOKMARK [2][-]{subsection.3.12.4}{\376\377\004\042\004\065\004\105\004\075\004\126\004\107\004\075\004\065\000\040\004\067\004\060\004\061\004\065\004\067\004\077\004\065\004\107\004\065\004\075\004\075\004\117\000\040\004\076\004\077\004\065\004\100\004\060\004\106\004\126\004\127}{section.3.12}% 157
\BOOKMARK [2][-]{subsection.3.12.5}{\376\377\004\036\004\077\004\065\004\100\004\060\004\102\004\070\004\062\004\075\004\060\000\040\004\102\004\065\004\105\004\075\004\126\004\072\004\060}{section.3.12}% 158
\BOOKMARK [2][-]{subsection.3.12.6}{\376\377\004\006\004\075\004\102\004\100\004\060\004\076\004\077\004\065\004\100\004\060\004\106\004\126\004\071\004\075\004\126\000\040\004\103\004\101\004\072\004\073\004\060\004\064\004\075\004\065\004\075\004\075\004\117\000\040\004\102\004\060\000\040\004\127\004\105\000\040\004\072\004\076\004\100\004\065\004\072\004\106\004\126\004\117}{section.3.12}% 159
\BOOKMARK [2][-]{subsection.3.12.7}{\376\377\004\037\004\126\004\101\004\073\004\117\004\076\004\077\004\065\004\100\004\060\004\106\004\126\004\071\004\075\004\065\000\040\004\062\004\065\004\064\004\065\004\075\004\075\004\117\000\040\004\077\004\060\004\106\004\126\004\124\004\075\004\102\004\060}{section.3.12}% 160
\BOOKMARK [2][-]{subsection.3.12.8}{\376\377\004\032\004\073\004\126\004\075\004\126\004\107\004\075\004\070\004\071\000\040\004\062\004\070\004\077\004\060\004\064\004\076\004\072}{section.3.12}% 161
\BOOKMARK [2][-]{subsection.3.12.9}{\376\377\004\022\004\070\004\101\004\075\004\076\004\062\004\072\004\070}{section.3.12}% 162
\BOOKMARK [1][-]{section.3.13}{\376\377\004\020\004\075\004\060\004\102\004\076\004\074\004\126\004\107\004\075\004\060\000\040\004\100\004\065\004\067\004\065\004\072\004\106\004\126\004\117\000\040\000S\000g\000\040\0008}{chapter.3}% 163
\BOOKMARK [2][-]{subsection.3.13.1}{\376\377\004\022\004\070\004\067\004\075\004\060\004\107\004\065\004\075\004\075\004\117\000\040\004\102\004\060\000\040\004\067\004\060\004\063\004\060\004\073\004\114\004\075\004\060\000\040\004\105\004\060\004\100\004\060\004\072\004\102\004\065\004\100\004\070\004\101\004\102\004\070\004\072\004\060}{section.3.13}% 164
\BOOKMARK [2][-]{subsection.3.13.2}{\376\377\004\037\004\076\004\072\004\060\004\067\004\070\000\040\004\102\004\060\000\040\004\077\004\100\004\076\004\102\004\070\004\077\004\076\004\072\004\060\004\067\004\070}{section.3.13}% 165
\BOOKMARK [2][-]{subsection.3.13.3}{\376\377\004\037\004\065\004\100\004\065\004\064\004\076\004\077\004\065\004\100\004\060\004\106\004\126\004\071\004\075\004\060\000\040\004\077\004\126\004\064\004\063\004\076\004\102\004\076\004\062\004\072\004\060}{section.3.13}% 166
\BOOKMARK [2][-]{subsection.3.13.4}{\376\377\004\042\004\065\004\105\004\075\004\126\004\107\004\075\004\065\000\040\004\067\004\060\004\061\004\065\004\067\004\077\004\065\004\107\004\065\004\075\004\075\004\117\000\040\004\076\004\077\004\065\004\100\004\060\004\106\004\126\004\127}{section.3.13}% 167
\BOOKMARK [2][-]{subsection.3.13.5}{\376\377\004\036\004\077\004\065\004\100\004\060\004\102\004\070\004\062\004\075\004\060\000\040\004\102\004\065\004\105\004\075\004\126\004\072\004\060}{section.3.13}% 168
\BOOKMARK [2][-]{subsection.3.13.6}{\376\377\004\006\004\075\004\102\004\100\004\060\004\076\004\077\004\065\004\100\004\060\004\106\004\126\004\071\004\075\004\126\000\040\004\103\004\101\004\072\004\073\004\060\004\064\004\075\004\065\004\075\004\075\004\117\000\040\004\102\004\060\000\040\004\127\004\105\000\040\004\072\004\076\004\100\004\065\004\072\004\106\004\126\004\117}{section.3.13}% 169
\BOOKMARK [2][-]{subsection.3.13.7}{\376\377\004\037\004\126\004\101\004\073\004\117\004\076\004\077\004\065\004\100\004\060\004\106\004\126\004\071\004\075\004\065\000\040\004\062\004\065\004\064\004\065\004\075\004\075\004\117\000\040\004\077\004\060\004\106\004\126\004\124\004\075\004\102\004\060}{section.3.13}% 170
\BOOKMARK [2][-]{subsection.3.13.8}{\376\377\004\032\004\073\004\126\004\075\004\126\004\107\004\075\004\070\004\071\000\040\004\062\004\070\004\077\004\060\004\064\004\076\004\072}{section.3.13}% 171
\BOOKMARK [2][-]{subsection.3.13.9}{\376\377\004\022\004\070\004\101\004\075\004\076\004\062\004\072\004\070}{section.3.13}% 172
\BOOKMARK [1][-]{section.3.14}{\376\377\004\034\004\065\004\067\004\076\004\063\004\065\004\077\004\060\004\102\004\065\004\072\004\102\004\076\004\074\004\126\004\117}{chapter.3}% 173
\BOOKMARK [2][-]{subsection.3.14.1}{\376\377\004\022\004\070\004\067\004\075\004\060\004\107\004\065\004\075\004\075\004\117\000\040\004\102\004\060\000\040\004\067\004\060\004\063\004\060\004\073\004\114\004\075\004\060\000\040\004\105\004\060\004\100\004\060\004\072\004\102\004\065\004\100\004\070\004\101\004\102\004\070\004\072\004\060}{section.3.14}% 174
\BOOKMARK [2][-]{subsection.3.14.2}{\376\377\004\037\004\076\004\072\004\060\004\067\004\070\000\040\004\102\004\060\000\040\004\077\004\100\004\076\004\102\004\070\004\077\004\076\004\072\004\060\004\067\004\070}{section.3.14}% 175
\BOOKMARK [2][-]{subsection.3.14.3}{\376\377\004\037\004\065\004\100\004\065\004\064\004\076\004\077\004\065\004\100\004\060\004\106\004\126\004\071\004\075\004\060\000\040\004\077\004\126\004\064\004\063\004\076\004\102\004\076\004\062\004\072\004\060}{section.3.14}% 176
\BOOKMARK [2][-]{subsection.3.14.4}{\376\377\004\042\004\065\004\105\004\075\004\126\004\107\004\075\004\065\000\040\004\067\004\060\004\061\004\065\004\067\004\077\004\065\004\107\004\065\004\075\004\075\004\117\000\040\004\076\004\077\004\065\004\100\004\060\004\106\004\126\004\127}{section.3.14}% 177
\BOOKMARK [2][-]{subsection.3.14.5}{\376\377\004\036\004\077\004\065\004\100\004\060\004\102\004\070\004\062\004\075\004\060\000\040\004\102\004\065\004\105\004\075\004\126\004\072\004\060}{section.3.14}% 178
\BOOKMARK [2][-]{subsection.3.14.6}{\376\377\004\006\004\075\004\102\004\100\004\060\004\076\004\077\004\065\004\100\004\060\004\106\004\126\004\071\004\075\004\126\000\040\004\103\004\101\004\072\004\073\004\060\004\064\004\075\004\065\004\075\004\075\004\117\000\040\004\102\004\060\000\040\004\127\004\105\000\040\004\072\004\076\004\100\004\065\004\072\004\106\004\126\004\117}{section.3.14}% 179
\BOOKMARK [2][-]{subsection.3.14.7}{\376\377\004\037\004\126\004\101\004\073\004\117\004\076\004\077\004\065\004\100\004\060\004\106\004\126\004\071\004\075\004\065\000\040\004\062\004\065\004\064\004\065\004\075\004\075\004\117\000\040\004\077\004\060\004\106\004\126\004\124\004\075\004\102\004\060}{section.3.14}% 180
\BOOKMARK [2][-]{subsection.3.14.8}{\376\377\004\032\004\073\004\126\004\075\004\126\004\107\004\075\004\070\004\071\000\040\004\062\004\070\004\077\004\060\004\064\004\076\004\072}{section.3.14}% 181
\BOOKMARK [2][-]{subsection.3.14.9}{\376\377\004\022\004\070\004\101\004\075\004\076\004\062\004\072\004\070}{section.3.14}% 182
